<?xml version="1.0" encoding="UTF-8"?>
<!-- Generated by org.testng.reporters.JUnitReportReporter -->
<testsuite hostname="IM-RT-LP-895" failures="0" tests="1" name="test.PFluma.INTERNAL" time="65.506" errors="0" timestamp="2023-08-19T15:57:40 IST" skipped="0">
  <testcase classname="test.PFluma.INTERNAL" name="intrn" time="65.506"/>
  <system-out/>
</testsuite> <!-- test.PFluma.INTERNAL -->
