<?xml version="1.0" encoding="UTF-8"?>
<!-- Generated by org.testng.reporters.JUnitReportReporter -->
<testsuite hostname="IM-RT-LP-895" failures="0" tests="1" name="test.PFluma.loggingin" time="12.635" errors="0" timestamp="2023-08-17T23:15:29 IST" skipped="0">
  <testcase classname="test.PFluma.loggingin" name="log" time="12.635"/>
  <system-out/>
</testsuite> <!-- test.PFluma.loggingin -->
