<?xml version="1.0" encoding="UTF-8"?>
<!-- Generated by org.testng.reporters.JUnitReportReporter -->
<testsuite hostname="IM-RT-LP-895" failures="0" tests="1" name="test.PFluma.Creation" time="12.381" errors="0" timestamp="2023-08-17T23:05:14 IST" skipped="0">
  <testcase classname="test.PFluma.Creation" name="LOGIN" time="12.381"/>
  <system-out/>
</testsuite> <!-- test.PFluma.Creation -->
